-----Test Statred-----
Verified info page by using object:  [[ChromeDriver: chrome on XP (302fe534ba48b08ce23ee9bc63d5e938)] -> xpath: //div[@class='wrap']/a/img]
Entering Source: [[ChromeDriver: chrome on XP (302fe534ba48b08ce23ee9bc63d5e938)] -> xpath: //input[@id='source']]
Entering Destination: [[ChromeDriver: chrome on XP (302fe534ba48b08ce23ee9bc63d5e938)] -> xpath: //input[@id='destination']]
Selecting Date fo Journey: [[ChromeDriver: chrome on XP (302fe534ba48b08ce23ee9bc63d5e938)] -> id: datepicker1]
Selecting Date fo Return: [[ChromeDriver: chrome on XP (302fe534ba48b08ce23ee9bc63d5e938)] -> id: datepicker2]
Clicking on Search Button:  Proxy element for: DefaultElementLocator 'By.xpath: //a[text()='Search']'
Clicking on Operator_option:  [[ChromeDriver: chrome on XP (302fe534ba48b08ce23ee9bc63d5e938)] -> xpath: //*[@id="filtersOnward"]/div[2]/div[3]/div[1]/span[1]]
Selecting  Operator:  [[ChromeDriver: chrome on XP (302fe534ba48b08ce23ee9bc63d5e938)] -> xpath: (//div[@class="f-operator-checkbox filter-list"])[1]/form/ul[1]/li[1]]
Clicking on button:  [[ChromeDriver: chrome on XP (302fe534ba48b08ce23ee9bc63d5e938)] -> xpath: //*[@id="ShowBtnHideAPSRTC1"]]
Selecting Seat:  [[ChromeDriver: chrome on XP (302fe534ba48b08ce23ee9bc63d5e938)] -> xpath: (//span[text()="Select Seat"])[1]]
Selecting Boarding Point:    [[ChromeDriver: chrome on XP (302fe534ba48b08ce23ee9bc63d5e938)] -> xpath: (//*[@id='pickup_id1'])[1]]
Selecting Drop Point:   [[ChromeDriver: chrome on XP (302fe534ba48b08ce23ee9bc63d5e938)] -> xpath: (//select[@id="drop_id1"])[1]]
Clicking on Show Layout:    [[ChromeDriver: chrome on XP (302fe534ba48b08ce23ee9bc63d5e938)] -> xpath: (//input[@id='btnEnable11'])[1]]
Selecting Seat   [[ChromeDriver: chrome on XP (302fe534ba48b08ce23ee9bc63d5e938)] -> xpath: (//*[@id="O5-1ZZ"])[1]]
Book_Return   [[ChromeDriver: chrome on XP (302fe534ba48b08ce23ee9bc63d5e938)] -> xpath: (//*[@id="O5-1ZZ"])[1]]
Clicking on Operator_option:  [[ChromeDriver: chrome on XP (302fe534ba48b08ce23ee9bc63d5e938)] -> xpath: //*[@id="filtersReturn"]/div[2]/div[3]/div[1]/span[1]]
Selecting  OperatorRt:  [[ChromeDriver: chrome on XP (302fe534ba48b08ce23ee9bc63d5e938)] -> xpath: //*[@id="filtersReturn"]/div[2]/div[3]/div[3]/form/ul/li[1]/label]
Clicking on button_return:  [[ChromeDriver: chrome on XP (302fe534ba48b08ce23ee9bc63d5e938)] -> xpath: (//*[@id="ShowBtnHideAPSRTC1"])[2]]
Selecting Seat Return:  [[ChromeDriver: chrome on XP (302fe534ba48b08ce23ee9bc63d5e938)] -> xpath: (//span[text()='Select Seat'])[13]]
Selecting Boarding Point:    [[ChromeDriver: chrome on XP (302fe534ba48b08ce23ee9bc63d5e938)] -> xpath: (//*[@id='pickup_id2'])[1]]
Selecting Drop Point:   [[ChromeDriver: chrome on XP (302fe534ba48b08ce23ee9bc63d5e938)] -> xpath: (//select[@id="drop_id2"])[1]]
Clicking on Show Layout:    [[ChromeDriver: chrome on XP (302fe534ba48b08ce23ee9bc63d5e938)] -> xpath: (//input[@id='btnEnable11'])[2]]
Selecting Seat   [[ChromeDriver: chrome on XP (302fe534ba48b08ce23ee9bc63d5e938)] -> xpath: (//*[@id="O5-1ZZ"])[2]]
Clicking on Continue to Payment:    Proxy element for: DefaultElementLocator 'By.xpath: (//input[@id='btnEnable1'])[2]'
-----Test Statred-----
Verified info page by using object:  [[ChromeDriver: chrome on XP (95fce23e373f55e49d18ffd471336fc4)] -> xpath: //div[@class='wrap']/a/img]
Entering Source: [[ChromeDriver: chrome on XP (95fce23e373f55e49d18ffd471336fc4)] -> xpath: //input[@id='source']]
Entering Destination: [[ChromeDriver: chrome on XP (95fce23e373f55e49d18ffd471336fc4)] -> xpath: //input[@id='destination']]
Selecting Date fo Journey: [[ChromeDriver: chrome on XP (95fce23e373f55e49d18ffd471336fc4)] -> id: datepicker1]
Selecting Date fo Return: [[ChromeDriver: chrome on XP (95fce23e373f55e49d18ffd471336fc4)] -> id: datepicker2]
Clicking on Search Button:  Proxy element for: DefaultElementLocator 'By.xpath: //a[text()='Search']'
Clicking on Operator_option:  [[ChromeDriver: chrome on XP (95fce23e373f55e49d18ffd471336fc4)] -> xpath: //*[@id="filtersOnward"]/div[2]/div[3]/div[1]/span[1]]
Selecting  Operator:  [[ChromeDriver: chrome on XP (95fce23e373f55e49d18ffd471336fc4)] -> xpath: (//div[@class="f-operator-checkbox filter-list"])[1]/form/ul[1]/li[1]]
Clicking on button:  [[ChromeDriver: chrome on XP (95fce23e373f55e49d18ffd471336fc4)] -> xpath: //*[@id="ShowBtnHideAPSRTC1"]]
Selecting Seat:  [[ChromeDriver: chrome on XP (95fce23e373f55e49d18ffd471336fc4)] -> xpath: (//span[text()="Select Seat"])[1]]
Selecting Boarding Point:    [[ChromeDriver: chrome on XP (95fce23e373f55e49d18ffd471336fc4)] -> xpath: (//*[@id='pickup_id1'])[1]]
Selecting Drop Point:   [[ChromeDriver: chrome on XP (95fce23e373f55e49d18ffd471336fc4)] -> xpath: (//select[@id="drop_id1"])[1]]
Clicking on Show Layout:    [[ChromeDriver: chrome on XP (95fce23e373f55e49d18ffd471336fc4)] -> xpath: (//input[@id='btnEnable11'])[1]]
Selecting Seat   [[ChromeDriver: chrome on XP (95fce23e373f55e49d18ffd471336fc4)] -> xpath: (//*[@id="O5-1ZZ"])[1]]
Book_Return   [[ChromeDriver: chrome on XP (95fce23e373f55e49d18ffd471336fc4)] -> xpath: (//*[@id="O5-1ZZ"])[1]]
Clicking on Operator_option:  [[ChromeDriver: chrome on XP (95fce23e373f55e49d18ffd471336fc4)] -> xpath: //*[@id="filtersReturn"]/div[2]/div[3]/div[1]/span[1]]
Selecting  OperatorRt:  [[ChromeDriver: chrome on XP (95fce23e373f55e49d18ffd471336fc4)] -> xpath: //*[@id="filtersReturn"]/div[2]/div[3]/div[3]/form/ul/li[1]/label]
Clicking on button_return:  [[ChromeDriver: chrome on XP (95fce23e373f55e49d18ffd471336fc4)] -> xpath: (//*[@id="ShowBtnHideAPSRTC1"])[2]]
Selecting Seat Return:  [[ChromeDriver: chrome on XP (95fce23e373f55e49d18ffd471336fc4)] -> xpath: (//span[text()='Select Seat'])[13]]
Selecting Boarding Point:    [[ChromeDriver: chrome on XP (95fce23e373f55e49d18ffd471336fc4)] -> xpath: (//*[@id='pickup_id2'])[1]]
Selecting Drop Point:   [[ChromeDriver: chrome on XP (95fce23e373f55e49d18ffd471336fc4)] -> xpath: (//select[@id="drop_id2"])[1]]
Clicking on Show Layout:    [[ChromeDriver: chrome on XP (95fce23e373f55e49d18ffd471336fc4)] -> xpath: (//input[@id='btnEnable11'])[2]]
Selecting Seat   [[ChromeDriver: chrome on XP (95fce23e373f55e49d18ffd471336fc4)] -> xpath: (//*[@id="O5-1ZZ"])[2]]
Clicking on Continue to Payment:    Proxy element for: DefaultElementLocator 'By.xpath: (//input[@id='btnEnable1'])[2]'
-----Test Statred-----
Verified info page by using object:  [[ChromeDriver: chrome on XP (4a3a9c6b6a6edf954d7fc7c3f224cd09)] -> xpath: //div[@class='wrap']/a/img]
Entering Source: [[ChromeDriver: chrome on XP (4a3a9c6b6a6edf954d7fc7c3f224cd09)] -> xpath: //input[@id='source']]
Entering Destination: [[ChromeDriver: chrome on XP (4a3a9c6b6a6edf954d7fc7c3f224cd09)] -> xpath: //input[@id='destination']]
Selecting Date fo Journey: [[ChromeDriver: chrome on XP (4a3a9c6b6a6edf954d7fc7c3f224cd09)] -> id: datepicker1]
Selecting Date fo Return: [[ChromeDriver: chrome on XP (4a3a9c6b6a6edf954d7fc7c3f224cd09)] -> id: datepicker2]
Clicking on Search Button:  Proxy element for: DefaultElementLocator 'By.xpath: //a[text()='Search']'
Clicking on Operator_option:  [[ChromeDriver: chrome on XP (4a3a9c6b6a6edf954d7fc7c3f224cd09)] -> xpath: //*[@id="filtersOnward"]/div[2]/div[3]/div[1]/span[1]]
Selecting  Operator:  [[ChromeDriver: chrome on XP (4a3a9c6b6a6edf954d7fc7c3f224cd09)] -> xpath: (//div[@class="f-operator-checkbox filter-list"])[1]/form/ul[1]/li[1]]
Clicking on button:  [[ChromeDriver: chrome on XP (4a3a9c6b6a6edf954d7fc7c3f224cd09)] -> xpath: //*[@id="ShowBtnHideAPSRTC1"]]
Selecting Seat:  [[ChromeDriver: chrome on XP (4a3a9c6b6a6edf954d7fc7c3f224cd09)] -> xpath: (//span[text()="Select Seat"])[1]]
Selecting Boarding Point:    [[ChromeDriver: chrome on XP (4a3a9c6b6a6edf954d7fc7c3f224cd09)] -> xpath: (//*[@id='pickup_id1'])[1]]
Selecting Drop Point:   [[ChromeDriver: chrome on XP (4a3a9c6b6a6edf954d7fc7c3f224cd09)] -> xpath: (//select[@id="drop_id1"])[1]]
Clicking on Show Layout:    [[ChromeDriver: chrome on XP (4a3a9c6b6a6edf954d7fc7c3f224cd09)] -> xpath: (//input[@id='btnEnable11'])[1]]
Selecting Seat   [[ChromeDriver: chrome on XP (4a3a9c6b6a6edf954d7fc7c3f224cd09)] -> xpath: (//*[@id="O5-1ZZ"])[1]]
Book_Return   [[ChromeDriver: chrome on XP (4a3a9c6b6a6edf954d7fc7c3f224cd09)] -> xpath: (//*[@id="O5-1ZZ"])[1]]
Clicking on Operator_option:  [[ChromeDriver: chrome on XP (4a3a9c6b6a6edf954d7fc7c3f224cd09)] -> xpath: //*[@id="filtersReturn"]/div[2]/div[3]/div[1]/span[1]]
Selecting  OperatorRt:  [[ChromeDriver: chrome on XP (4a3a9c6b6a6edf954d7fc7c3f224cd09)] -> xpath: //*[@id="filtersReturn"]/div[2]/div[3]/div[3]/form/ul/li[1]/label]
Clicking on button_return:  [[ChromeDriver: chrome on XP (4a3a9c6b6a6edf954d7fc7c3f224cd09)] -> xpath: (//*[@id="ShowBtnHideAPSRTC1"])[2]]
Selecting Seat Return:  [[ChromeDriver: chrome on XP (4a3a9c6b6a6edf954d7fc7c3f224cd09)] -> xpath: (//span[text()='Select Seat'])[13]]
Selecting Boarding Point:    [[ChromeDriver: chrome on XP (4a3a9c6b6a6edf954d7fc7c3f224cd09)] -> xpath: (//*[@id='pickup_id2'])[1]]
Selecting Drop Point:   [[ChromeDriver: chrome on XP (4a3a9c6b6a6edf954d7fc7c3f224cd09)] -> xpath: (//select[@id="drop_id2"])[1]]
Clicking on Show Layout:    [[ChromeDriver: chrome on XP (4a3a9c6b6a6edf954d7fc7c3f224cd09)] -> xpath: (//input[@id='btnEnable11'])[2]]
Selecting Seat   [[ChromeDriver: chrome on XP (4a3a9c6b6a6edf954d7fc7c3f224cd09)] -> xpath: (//*[@id="O5-1ZZ"])[2]]
Clicking on Continue to Payment:    Proxy element for: DefaultElementLocator 'By.xpath: (//input[@id='btnEnable1'])[2]'
-----Test Statred-----
Verified info page by using object:  [[ChromeDriver: chrome on XP (5fd11b661fa4ad874d0c97c733c17299)] -> xpath: //div[@class='wrap']/a/img]
Entering Source: [[ChromeDriver: chrome on XP (5fd11b661fa4ad874d0c97c733c17299)] -> xpath: //input[@id='source']]
Entering Destination: [[ChromeDriver: chrome on XP (5fd11b661fa4ad874d0c97c733c17299)] -> xpath: //input[@id='destination']]
Selecting Date fo Journey: [[ChromeDriver: chrome on XP (5fd11b661fa4ad874d0c97c733c17299)] -> id: datepicker1]
Selecting Date fo Return: [[ChromeDriver: chrome on XP (5fd11b661fa4ad874d0c97c733c17299)] -> id: datepicker2]
Clicking on Search Button:  Proxy element for: DefaultElementLocator 'By.xpath: //a[text()='Search']'
Clicking on Operator_option:  [[ChromeDriver: chrome on XP (5fd11b661fa4ad874d0c97c733c17299)] -> xpath: //*[@id="filtersOnward"]/div[2]/div[3]/div[1]/span[1]]
Selecting  Operator:  [[ChromeDriver: chrome on XP (5fd11b661fa4ad874d0c97c733c17299)] -> xpath: (//div[@class="f-operator-checkbox filter-list"])[1]/form/ul[1]/li[1]]
Clicking on button:  [[ChromeDriver: chrome on XP (5fd11b661fa4ad874d0c97c733c17299)] -> xpath: //*[@id="ShowBtnHideAPSRTC1"]]
Selecting Seat:  [[ChromeDriver: chrome on XP (5fd11b661fa4ad874d0c97c733c17299)] -> xpath: (//span[text()="Select Seat"])[1]]
Selecting Boarding Point:    [[ChromeDriver: chrome on XP (5fd11b661fa4ad874d0c97c733c17299)] -> xpath: (//*[@id='pickup_id1'])[1]]
Selecting Drop Point:   [[ChromeDriver: chrome on XP (5fd11b661fa4ad874d0c97c733c17299)] -> xpath: (//select[@id="drop_id1"])[1]]
Clicking on Show Layout:    [[ChromeDriver: chrome on XP (5fd11b661fa4ad874d0c97c733c17299)] -> xpath: (//input[@id='btnEnable11'])[1]]
